c:\users\dmn\github\open-sae-j1939\src\x64\release\vc143.pdb
c:\users\dmn\github\open-sae-j1939\src\x64\release\dm1.obj
c:\users\dmn\github\open-sae-j1939\src\x64\release\request_software_identification.obj
c:\users\dmn\github\open-sae-j1939\src\x64\release\request_ecu_identification.obj
c:\users\dmn\github\open-sae-j1939\src\x64\release\request_component_identification.obj
c:\users\dmn\github\open-sae-j1939\src\x64\release\transport_protocol_data_transfer.obj
c:\users\dmn\github\open-sae-j1939\src\x64\release\transport_protocol_connection_management.obj
c:\users\dmn\github\open-sae-j1939\src\x64\release\request.obj
c:\users\dmn\github\open-sae-j1939\src\x64\release\acknowledgement.obj
c:\users\dmn\github\open-sae-j1939\src\x64\release\startup_ecu.obj
c:\users\dmn\github\open-sae-j1939\src\x64\release\listen_for_messages.obj
c:\users\dmn\github\open-sae-j1939\src\x64\release\closedown_ecu.obj
c:\users\dmn\github\open-sae-j1939\src\x64\release\main.obj
c:\users\dmn\github\open-sae-j1939\src\x64\release\general_purpose_valve_estimated_flow.obj
c:\users\dmn\github\open-sae-j1939\src\x64\release\general_purpose_valve_command.obj
c:\users\dmn\github\open-sae-j1939\src\x64\release\auxiliary_valve_measured_position.obj
c:\users\dmn\github\open-sae-j1939\src\x64\release\auxiliary_valve_estimated_flow.obj
c:\users\dmn\github\open-sae-j1939\src\x64\release\auxiliary_valve_command.obj
c:\users\dmn\github\open-sae-j1939\src\x64\release\save_load_struct.obj
c:\users\dmn\github\open-sae-j1939\src\x64\release\flash_eeprom_ram_memory.obj
c:\users\dmn\github\open-sae-j1939\src\x64\release\can_transmit_receive.obj
c:\users\dmn\github\open-sae-j1939\src\x64\release\commanded_address.obj
c:\users\dmn\github\open-sae-j1939\src\x64\release\address_not_claimed.obj
c:\users\dmn\github\open-sae-j1939\src\x64\release\address_delete.obj
c:\users\dmn\github\open-sae-j1939\src\x64\release\address_claimed.obj
c:\users\dmn\github\open-sae-j1939\src\x64\release\dm3.obj
c:\users\dmn\github\open-sae-j1939\src\x64\release\dm2.obj
c:\users\dmn\github\open-sae-j1939\src\x64\release\dm16.obj
c:\users\dmn\github\open-sae-j1939\src\x64\release\dm15.obj
c:\users\dmn\github\open-sae-j1939\src\x64\release\dm14.obj
c:\users\dmn\github\open-sae-j1939\x64\release\open-sae-j1939.exe
c:\users\dmn\github\open-sae-j1939\src\x64\release\open-sae-j1939.ipdb
c:\users\dmn\github\open-sae-j1939\x64\release\open-sae-j1939.pdb
c:\users\dmn\github\open-sae-j1939\src\x64\release\open-sae-j1939.iobj
c:\users\dmn\github\open-sae-j1939\src\x64\release\open-sae-j1939.vcxproj.cppwinrt_comp.rsp
c:\users\dmn\github\open-sae-j1939\src\x64\release\open-sae-j1939.vcxproj.cppwinrt_plat.rsp
c:\users\dmn\github\open-sae-j1939\src\x64\release\open-sae-j1939.vcxproj.mdmerge.rsp
c:\users\dmn\github\open-sae-j1939\src\x64\release\open-sae-j1939.vcxproj.midlrt.rsp
c:\users\dmn\github\open-sae-j1939\src\x64\release\open-sae-j1939.tlog\cl.command.1.tlog
c:\users\dmn\github\open-sae-j1939\src\x64\release\open-sae-j1939.tlog\cl.items.tlog
c:\users\dmn\github\open-sae-j1939\src\x64\release\open-sae-j1939.tlog\cl.read.1.tlog
c:\users\dmn\github\open-sae-j1939\src\x64\release\open-sae-j1939.tlog\cl.write.1.tlog
c:\users\dmn\github\open-sae-j1939\src\x64\release\open-sae-j1939.tlog\link.command.1.tlog
c:\users\dmn\github\open-sae-j1939\src\x64\release\open-sae-j1939.tlog\link.read.1.tlog
c:\users\dmn\github\open-sae-j1939\src\x64\release\open-sae-j1939.tlog\link.write.1.tlog
