  CAN_Transmit_Receive.c
  FLASH_EEPROM_RAM_Memory.c
  Save_Load_Struct.c
  Auxiliary_Valve_Command.c
  Auxiliary_Valve_Estimated_Flow.c
  Auxiliary_Valve_Measured_Position.c
C:\Users\dmn\GitHub\Open-SAE-J1939\Src\ISO_11783\ISO_11783-7_Application_Layer\Auxiliary_Valve_Measured_Position.c(29,71): warning C4244: '=': conversion from 'uint16_t' to 'uint8_t', possible loss of data
C:\Users\dmn\GitHub\Open-SAE-J1939\Src\ISO_11783\ISO_11783-7_Application_Layer\Auxiliary_Valve_Measured_Position.c(32,71): warning C4244: '=': conversion from 'uint16_t' to 'uint8_t', possible loss of data
  General_Purpose_Valve_Command.c
C:\Users\dmn\GitHub\Open-SAE-J1939\Src\ISO_11783\ISO_11783-7_Application_Layer\General_Purpose_Valve_Command.c(24,12): warning C4244: '=': conversion from 'uint16_t' to 'uint8_t', possible loss of data
  General_Purpose_Valve_Estimated_Flow.c
C:\Users\dmn\GitHub\Open-SAE-J1939\Src\ISO_11783\ISO_11783-7_Application_Layer\General_Purpose_Valve_Estimated_Flow.c(33,60): warning C4244: '=': conversion from 'uint16_t' to 'uint8_t', possible loss of data
C:\Users\dmn\GitHub\Open-SAE-J1939\Src\ISO_11783\ISO_11783-7_Application_Layer\General_Purpose_Valve_Estimated_Flow.c(35,60): warning C4244: '=': conversion from 'uint16_t' to 'uint8_t', possible loss of data
  Main.c
  Listen_For_Messages.c
C:\Users\dmn\GitHub\Open-SAE-J1939\Src\Open_SAE_J1939\Listen_For_Messages.c(26,20): warning C4244: 'initializing': conversion from 'uint32_t' to 'uint8_t', possible loss of data
C:\Users\dmn\GitHub\Open-SAE-J1939\Src\Open_SAE_J1939\Listen_For_Messages.c(27,19): warning C4244: 'initializing': conversion from 'uint32_t' to 'uint8_t', possible loss of data
C:\Users\dmn\GitHub\Open-SAE-J1939\Src\Open_SAE_J1939\Listen_For_Messages.c(28,16): warning C4244: 'initializing': conversion from 'uint32_t' to 'uint8_t', possible loss of data
  Startup_ECU.c
  Acknowledgement.c
C:\Users\dmn\GitHub\Open-SAE-J1939\Src\SAE_J1939\SAE_J1939-21_Transport_Layer\Acknowledgement.c(34,12): warning C4244: '=': conversion from 'uint32_t' to 'uint8_t', possible loss of data
C:\Users\dmn\GitHub\Open-SAE-J1939\Src\SAE_J1939\SAE_J1939-21_Transport_Layer\Acknowledgement.c(35,34): warning C4244: '=': conversion from 'uint32_t' to 'uint8_t', possible loss of data
C:\Users\dmn\GitHub\Open-SAE-J1939\Src\SAE_J1939\SAE_J1939-21_Transport_Layer\Acknowledgement.c(36,34): warning C4244: '=': conversion from 'uint32_t' to 'uint8_t', possible loss of data
  Request.c
C:\Users\dmn\GitHub\Open-SAE-J1939\Src\SAE_J1939\SAE_J1939-21_Transport_Layer\Request.c(67,11): warning C4244: '=': conversion from 'uint32_t' to 'uint8_t', possible loss of data
C:\Users\dmn\GitHub\Open-SAE-J1939\Src\SAE_J1939\SAE_J1939-21_Transport_Layer\Request.c(68,20): warning C4244: '=': conversion from 'uint32_t' to 'uint8_t', possible loss of data
C:\Users\dmn\GitHub\Open-SAE-J1939\Src\SAE_J1939\SAE_J1939-21_Transport_Layer\Request.c(69,20): warning C4244: '=': conversion from 'uint32_t' to 'uint8_t', possible loss of data
  Transport_Protocol_Connection_Management.c
C:\Users\dmn\GitHub\Open-SAE-J1939\Src\SAE_J1939\SAE_J1939-21_Transport_Layer\Transport_Protocol_Connection_Management.c(42,33): warning C4244: '=': conversion from 'uint16_t' to 'uint8_t', possible loss of data
C:\Users\dmn\GitHub\Open-SAE-J1939\Src\SAE_J1939\SAE_J1939-21_Transport_Layer\Transport_Protocol_Connection_Management.c(46,33): warning C4244: '=': conversion from 'uint32_t' to 'uint8_t', possible loss of data
C:\Users\dmn\GitHub\Open-SAE-J1939\Src\SAE_J1939\SAE_J1939-21_Transport_Layer\Transport_Protocol_Connection_Management.c(47,62): warning C4244: '=': conversion from 'uint32_t' to 'uint8_t', possible loss of data
C:\Users\dmn\GitHub\Open-SAE-J1939\Src\SAE_J1939\SAE_J1939-21_Transport_Layer\Transport_Protocol_Connection_Management.c(48,62): warning C4244: '=': conversion from 'uint32_t' to 'uint8_t', possible loss of data
  Transport_Protocol_Data_Transfer.c
  Request_Component_Identification.c
  Request_ECU_Identification.c
  Request_Software_Identification.c
  DM1.c
C:\Users\dmn\GitHub\Open-SAE-J1939\Src\SAE_J1939\SAE_J1939-73_Diagnostics_Layer\DM1.c(32,35): warning C4244: '=': conversion from 'uint32_t' to 'uint8_t', possible loss of data
C:\Users\dmn\GitHub\Open-SAE-J1939\Src\SAE_J1939\SAE_J1939-73_Diagnostics_Layer\DM1.c(33,39): warning C4244: '=': conversion from 'uint32_t' to 'uint8_t', possible loss of data
C:\Users\dmn\GitHub\Open-SAE-J1939\Src\SAE_J1939\SAE_J1939-73_Diagnostics_Layer\DM1.c(52,64): warning C4244: '=': conversion from 'uint32_t' to 'uint8_t', possible loss of data
C:\Users\dmn\GitHub\Open-SAE-J1939\Src\SAE_J1939\SAE_J1939-73_Diagnostics_Layer\DM1.c(53,68): warning C4244: '=': conversion from 'uint32_t' to 'uint8_t', possible loss of data
  DM14.c
C:\Users\dmn\GitHub\Open-SAE-J1939\Src\SAE_J1939\SAE_J1939-73_Diagnostics_Layer\DM14.c(21,12): warning C4244: '=': conversion from 'uint16_t' to 'uint8_t', possible loss of data
C:\Users\dmn\GitHub\Open-SAE-J1939\Src\SAE_J1939\SAE_J1939-73_Diagnostics_Layer\DM14.c(23,12): warning C4244: '=': conversion from 'uint32_t' to 'uint8_t', possible loss of data
C:\Users\dmn\GitHub\Open-SAE-J1939\Src\SAE_J1939\SAE_J1939-73_Diagnostics_Layer\DM14.c(24,20): warning C4244: '=': conversion from 'uint32_t' to 'uint8_t', possible loss of data
C:\Users\dmn\GitHub\Open-SAE-J1939\Src\SAE_J1939\SAE_J1939-73_Diagnostics_Layer\DM14.c(25,20): warning C4244: '=': conversion from 'uint32_t' to 'uint8_t', possible loss of data
C:\Users\dmn\GitHub\Open-SAE-J1939\Src\SAE_J1939\SAE_J1939-73_Diagnostics_Layer\DM14.c(27,12): warning C4244: '=': conversion from 'uint16_t' to 'uint8_t', possible loss of data
C:\Users\dmn\GitHub\Open-SAE-J1939\Src\SAE_J1939\SAE_J1939-73_Diagnostics_Layer\DM14.c(61,58): warning C4244: 'function': conversion from 'uint16_t' to 'const uint8_t', possible loss of data
  Generating Code...
  Compiling...
  DM15.c
C:\Users\dmn\GitHub\Open-SAE-J1939\Src\SAE_J1939\SAE_J1939-73_Diagnostics_Layer\DM15.c(21,21): warning C4244: '=': conversion from 'uint16_t' to 'uint8_t', possible loss of data
C:\Users\dmn\GitHub\Open-SAE-J1939\Src\SAE_J1939\SAE_J1939-73_Diagnostics_Layer\DM15.c(23,21): warning C4244: '=': conversion from 'uint32_t' to 'uint8_t', possible loss of data
C:\Users\dmn\GitHub\Open-SAE-J1939\Src\SAE_J1939\SAE_J1939-73_Diagnostics_Layer\DM15.c(24,35): warning C4244: '=': conversion from 'uint32_t' to 'uint8_t', possible loss of data
C:\Users\dmn\GitHub\Open-SAE-J1939\Src\SAE_J1939\SAE_J1939-73_Diagnostics_Layer\DM15.c(25,35): warning C4244: '=': conversion from 'uint32_t' to 'uint8_t', possible loss of data
C:\Users\dmn\GitHub\Open-SAE-J1939\Src\SAE_J1939\SAE_J1939-73_Diagnostics_Layer\DM15.c(27,21): warning C4244: '=': conversion from 'uint16_t' to 'uint8_t', possible loss of data
  DM16.c
  DM2.c
C:\Users\dmn\GitHub\Open-SAE-J1939\Src\SAE_J1939\SAE_J1939-73_Diagnostics_Layer\DM2.c(32,35): warning C4244: '=': conversion from 'uint32_t' to 'uint8_t', possible loss of data
C:\Users\dmn\GitHub\Open-SAE-J1939\Src\SAE_J1939\SAE_J1939-73_Diagnostics_Layer\DM2.c(33,39): warning C4244: '=': conversion from 'uint32_t' to 'uint8_t', possible loss of data
C:\Users\dmn\GitHub\Open-SAE-J1939\Src\SAE_J1939\SAE_J1939-73_Diagnostics_Layer\DM2.c(53,64): warning C4244: '=': conversion from 'uint32_t' to 'uint8_t', possible loss of data
C:\Users\dmn\GitHub\Open-SAE-J1939\Src\SAE_J1939\SAE_J1939-73_Diagnostics_Layer\DM2.c(54,68): warning C4244: '=': conversion from 'uint32_t' to 'uint8_t', possible loss of data
  DM3.c
  Address_Claimed.c
C:\Users\dmn\GitHub\Open-SAE-J1939\Src\SAE_J1939\SAE_J1939-81_Network_Management_Layer\Address_Claimed.c(33,49): warning C4244: '=': conversion from 'uint32_t' to 'uint8_t', possible loss of data
C:\Users\dmn\GitHub\Open-SAE-J1939\Src\SAE_J1939\SAE_J1939-81_Network_Management_Layer\Address_Claimed.c(34,66): warning C4244: '=': conversion from 'uint32_t' to 'uint8_t', possible loss of data
C:\Users\dmn\GitHub\Open-SAE-J1939\Src\SAE_J1939\SAE_J1939-81_Network_Management_Layer\Address_Claimed.c(35,74): warning C4244: '=': conversion from 'uint32_t' to 'uint8_t', possible loss of data
  Address_Delete.c
  Address_Not_Claimed.c
C:\Users\dmn\GitHub\Open-SAE-J1939\Src\SAE_J1939\SAE_J1939-81_Network_Management_Layer\Address_Not_Claimed.c(20,49): warning C4244: '=': conversion from 'uint32_t' to 'uint8_t', possible loss of data
C:\Users\dmn\GitHub\Open-SAE-J1939\Src\SAE_J1939\SAE_J1939-81_Network_Management_Layer\Address_Not_Claimed.c(21,66): warning C4244: '=': conversion from 'uint32_t' to 'uint8_t', possible loss of data
C:\Users\dmn\GitHub\Open-SAE-J1939\Src\SAE_J1939\SAE_J1939-81_Network_Management_Layer\Address_Not_Claimed.c(22,74): warning C4244: '=': conversion from 'uint32_t' to 'uint8_t', possible loss of data
  Commanded_Address.c
C:\Users\dmn\GitHub\Open-SAE-J1939\Src\SAE_J1939\SAE_J1939-81_Network_Management_Layer\Commanded_Address.c(22,34): warning C4244: '=': conversion from 'uint32_t' to 'uint8_t', possible loss of data
C:\Users\dmn\GitHub\Open-SAE-J1939\Src\SAE_J1939\SAE_J1939-81_Network_Management_Layer\Commanded_Address.c(23,50): warning C4244: '=': conversion from 'uint32_t' to 'uint8_t', possible loss of data
C:\Users\dmn\GitHub\Open-SAE-J1939\Src\SAE_J1939\SAE_J1939-81_Network_Management_Layer\Commanded_Address.c(24,58): warning C4244: '=': conversion from 'uint32_t' to 'uint8_t', possible loss of data
  Generating Code...
  Open-SAE-J1939.vcxproj -> C:\Users\dmn\GitHub\Open-SAE-J1939\x64\Debug\Open-SAE-J1939.exe
