c:\users\dmn\github\open-sae-j1939\src\x64\debug\vc143.pdb
c:\users\dmn\github\open-sae-j1939\src\x64\debug\vc143.idb
c:\users\dmn\github\open-sae-j1939\src\x64\debug\dm14.obj
c:\users\dmn\github\open-sae-j1939\src\x64\debug\dm1.obj
c:\users\dmn\github\open-sae-j1939\src\x64\debug\request_software_identification.obj
c:\users\dmn\github\open-sae-j1939\src\x64\debug\request_ecu_identification.obj
c:\users\dmn\github\open-sae-j1939\src\x64\debug\request_component_identification.obj
c:\users\dmn\github\open-sae-j1939\src\x64\debug\transport_protocol_data_transfer.obj
c:\users\dmn\github\open-sae-j1939\src\x64\debug\transport_protocol_connection_management.obj
c:\users\dmn\github\open-sae-j1939\src\x64\debug\request.obj
c:\users\dmn\github\open-sae-j1939\src\x64\debug\acknowledgement.obj
c:\users\dmn\github\open-sae-j1939\src\x64\debug\startup_ecu.obj
c:\users\dmn\github\open-sae-j1939\src\x64\debug\listen_for_messages.obj
c:\users\dmn\github\open-sae-j1939\src\x64\debug\main.obj
c:\users\dmn\github\open-sae-j1939\src\x64\debug\general_purpose_valve_estimated_flow.obj
c:\users\dmn\github\open-sae-j1939\src\x64\debug\general_purpose_valve_command.obj
c:\users\dmn\github\open-sae-j1939\src\x64\debug\auxiliary_valve_measured_position.obj
c:\users\dmn\github\open-sae-j1939\src\x64\debug\auxiliary_valve_estimated_flow.obj
c:\users\dmn\github\open-sae-j1939\src\x64\debug\auxiliary_valve_command.obj
c:\users\dmn\github\open-sae-j1939\src\x64\debug\save_load_struct.obj
c:\users\dmn\github\open-sae-j1939\src\x64\debug\flash_eeprom_ram_memory.obj
c:\users\dmn\github\open-sae-j1939\src\x64\debug\can_transmit_receive.obj
c:\users\dmn\github\open-sae-j1939\src\x64\debug\commanded_address.obj
c:\users\dmn\github\open-sae-j1939\src\x64\debug\address_not_claimed.obj
c:\users\dmn\github\open-sae-j1939\src\x64\debug\address_delete.obj
c:\users\dmn\github\open-sae-j1939\src\x64\debug\address_claimed.obj
c:\users\dmn\github\open-sae-j1939\src\x64\debug\dm3.obj
c:\users\dmn\github\open-sae-j1939\src\x64\debug\dm2.obj
c:\users\dmn\github\open-sae-j1939\src\x64\debug\dm16.obj
c:\users\dmn\github\open-sae-j1939\src\x64\debug\dm15.obj
c:\users\dmn\github\open-sae-j1939\src\x64\debug\open-sae-j1939.ilk
c:\users\dmn\github\open-sae-j1939\x64\debug\open-sae-j1939.exe
c:\users\dmn\github\open-sae-j1939\x64\debug\open-sae-j1939.pdb
c:\users\dmn\github\open-sae-j1939\src\x64\debug\open-sae-j1939.vcxproj.cppwinrt_comp.rsp
c:\users\dmn\github\open-sae-j1939\src\x64\debug\open-sae-j1939.vcxproj.cppwinrt_plat.rsp
c:\users\dmn\github\open-sae-j1939\src\x64\debug\open-sae-j1939.vcxproj.mdmerge.rsp
c:\users\dmn\github\open-sae-j1939\src\x64\debug\open-sae-j1939.vcxproj.midlrt.rsp
c:\users\dmn\github\open-sae-j1939\src\x64\debug\open-sae-j1939.tlog\cl.command.1.tlog
c:\users\dmn\github\open-sae-j1939\src\x64\debug\open-sae-j1939.tlog\cl.items.tlog
c:\users\dmn\github\open-sae-j1939\src\x64\debug\open-sae-j1939.tlog\cl.read.1.tlog
c:\users\dmn\github\open-sae-j1939\src\x64\debug\open-sae-j1939.tlog\cl.write.1.tlog
c:\users\dmn\github\open-sae-j1939\src\x64\debug\open-sae-j1939.tlog\link.command.1.tlog
c:\users\dmn\github\open-sae-j1939\src\x64\debug\open-sae-j1939.tlog\link.read.1.tlog
c:\users\dmn\github\open-sae-j1939\src\x64\debug\open-sae-j1939.tlog\link.write.1.tlog
